----Enter to getattr
-----getattr path: /.Trash
path len: 7
----Enter to getattr
-----getattr path: /.Trash-1000
path len: 12
----Enter to getattr
-----getattr path: /
path len: 1
----Exit from getattr1: return 0
----Enter to getattr
-----getattr path: /
path len: 1
----Exit from getattr1: return 0
----Enter to getattr
-----getattr path: /
path len: 1
----Exit from getattr1: return 0
Read 50
Read 100
Read 150
Read 200
Read 250
Read 300
Read 350
Read 400
Read 450
Read 500
Read 550
Read 600
Read 650
Read 700
Read 750
Read 800
Read 850
Read 900
Read 950
Read 1000
Return -2
----Enter to getattr
-----getattr path: /
path len: 1
----Exit from getattr1: return 0
----Enter to getattr
-----getattr path: /1
path len: 2
----Enter to mkdir
------mkdir path: /1
path len: 2
Create dir with id: 0
---Add: 0
----Exit from mkdir 2: return 0
----Enter to getattr
-----getattr path: /1
path len: 2
----Exit from getattr2: return 0
----Enter to getattr
-----getattr path: /
path len: 1
----Exit from getattr1: return 0
Return 0
Read 50
Read 100
Read 150
Read 200
Read 250
Read 300
Read 350
Read 400
Read 450
Read 500
Read 550
Read 600
Read 650
Read 700
Read 750
Read 800
Read 850
Read 900
Read 950
Return -2
----Enter to getattr
-----getattr path: /1
path len: 2
----Exit from getattr2: return 0
----Enter to getattr
-----getattr path: /
path len: 1
----Exit from getattr1: return 0
----Enter to getattr
-----getattr path: /1
path len: 2
----Exit from getattr2: return 0
----Enter to getattr
-----getattr path: /
path len: 1
----Exit from getattr1: return 0
----Enter to getattr
-----getattr path: /1
path len: 2
----Exit from getattr2: return 0
----Enter to getattr
-----getattr path: /1/4
path len: 4
----Enter to getattr
-----getattr path: /1/4
path len: 4
----Enter to getattr
-----getattr path: /1/4
path len: 4
----Enter to getattr
-----getattr path: /1/4
path len: 4
----Enter to mkdir
------mkdir path: /1/4
path len: 4
Create dir with id: 1
---Add: 1
----Exit from mkdir 2: return 0
----Enter to getattr
-----getattr path: /1/4
path len: 4
----Exit from getattr2: return 0
----Enter to getattr
-----getattr path: /1
path len: 2
----Exit from getattr2: return 0
Return 1
Read 50
Read 100
Read 150
Read 200
Read 250
Read 300
Read 350
Read 400
Read 450
Read 500
Read 550
Read 600
Read 650
Read 700
Read 750
Read 800
Read 850
Read 900
Read 950
Return -2
----Enter to getattr
-----getattr path: /
path len: 1
----Exit from getattr1: return 0
----Enter to getattr
-----getattr path: /1
path len: 2
----Exit from getattr2: return 0
----Enter to getattr
-----getattr path: /1/4
path len: 4
----Exit from getattr2: return 0
